<?xml version="1.0" encoding="UTF-8"?>
<!-- Generated by org.testng.reporters.JUnitReportReporter -->
<testsuite skipped="0" hostname="DESKTOP-J7B84FF" name="com.inetbanking.testCases.TC_LoginTest_001" tests="1" failures="0" timestamp="15 Mar 2020 14:17:06 GMT" time="136.625" errors="0">
  <testcase name="loginTest" time="136.625" classname="com.inetbanking.testCases.TC_LoginTest_001"/>
</testsuite> <!-- com.inetbanking.testCases.TC_LoginTest_001 -->
